[2023-05-18 10:10:49] local.ERROR: The /home/mpolr/PhpstormProjects/Zdrava/bootstrap/cache directory must be present and writable. {"exception":"[object] (Exception(code: 0): The /home/mpolr/PhpstormProjects/Zdrava/bootstrap/cache directory must be present and writable. at /home/mpolr/PhpstormProjects/Zdrava/vendor/laravel/framework/src/Illuminate/Foundation/PackageManifest.php:178)
[stacktrace]
#0 /home/mpolr/PhpstormProjects/Zdrava/vendor/laravel/framework/src/Illuminate/Foundation/PackageManifest.php(131): Illuminate\\Foundation\\PackageManifest->write()
#1 /home/mpolr/PhpstormProjects/Zdrava/vendor/laravel/framework/src/Illuminate/Foundation/PackageManifest.php(107): Illuminate\\Foundation\\PackageManifest->build()
#2 /home/mpolr/PhpstormProjects/Zdrava/vendor/laravel/framework/src/Illuminate/Foundation/PackageManifest.php(90): Illuminate\\Foundation\\PackageManifest->getManifest()
#3 /home/mpolr/PhpstormProjects/Zdrava/vendor/laravel/framework/src/Illuminate/Foundation/PackageManifest.php(79): Illuminate\\Foundation\\PackageManifest->config()
#4 /home/mpolr/PhpstormProjects/Zdrava/vendor/laravel/framework/src/Illuminate/Foundation/Bootstrap/RegisterFacades.php(26): Illuminate\\Foundation\\PackageManifest->aliases()
#5 /home/mpolr/PhpstormProjects/Zdrava/vendor/laravel/framework/src/Illuminate/Foundation/Application.php(261): Illuminate\\Foundation\\Bootstrap\\RegisterFacades->bootstrap()
#6 /home/mpolr/PhpstormProjects/Zdrava/vendor/laravel/framework/src/Illuminate/Foundation/Console/Kernel.php(428): Illuminate\\Foundation\\Application->bootstrapWith()
#7 /home/mpolr/PhpstormProjects/Zdrava/vendor/laravel/framework/src/Illuminate/Foundation/Console/Kernel.php(198): Illuminate\\Foundation\\Console\\Kernel->bootstrap()
#8 /home/mpolr/PhpstormProjects/Zdrava/artisan(35): Illuminate\\Foundation\\Console\\Kernel->handle()
#9 {main}
"} 
[2023-05-18 10:11:08] local.ERROR: The /home/mpolr/PhpstormProjects/Zdrava/bootstrap/cache directory must be present and writable. {"exception":"[object] (Exception(code: 0): The /home/mpolr/PhpstormProjects/Zdrava/bootstrap/cache directory must be present and writable. at /home/mpolr/PhpstormProjects/Zdrava/vendor/laravel/framework/src/Illuminate/Foundation/PackageManifest.php:178)
[stacktrace]
#0 /home/mpolr/PhpstormProjects/Zdrava/vendor/laravel/framework/src/Illuminate/Foundation/PackageManifest.php(131): Illuminate\\Foundation\\PackageManifest->write()
#1 /home/mpolr/PhpstormProjects/Zdrava/vendor/laravel/framework/src/Illuminate/Foundation/PackageManifest.php(107): Illuminate\\Foundation\\PackageManifest->build()
#2 /home/mpolr/PhpstormProjects/Zdrava/vendor/laravel/framework/src/Illuminate/Foundation/PackageManifest.php(90): Illuminate\\Foundation\\PackageManifest->getManifest()
#3 /home/mpolr/PhpstormProjects/Zdrava/vendor/laravel/framework/src/Illuminate/Foundation/PackageManifest.php(79): Illuminate\\Foundation\\PackageManifest->config()
#4 /home/mpolr/PhpstormProjects/Zdrava/vendor/laravel/framework/src/Illuminate/Foundation/Bootstrap/RegisterFacades.php(26): Illuminate\\Foundation\\PackageManifest->aliases()
#5 /home/mpolr/PhpstormProjects/Zdrava/vendor/laravel/framework/src/Illuminate/Foundation/Application.php(261): Illuminate\\Foundation\\Bootstrap\\RegisterFacades->bootstrap()
#6 /home/mpolr/PhpstormProjects/Zdrava/vendor/laravel/framework/src/Illuminate/Foundation/Console/Kernel.php(428): Illuminate\\Foundation\\Application->bootstrapWith()
#7 /home/mpolr/PhpstormProjects/Zdrava/vendor/laravel/framework/src/Illuminate/Foundation/Console/Kernel.php(198): Illuminate\\Foundation\\Console\\Kernel->bootstrap()
#8 /home/mpolr/PhpstormProjects/Zdrava/artisan(35): Illuminate\\Foundation\\Console\\Kernel->handle()
#9 {main}
"} 
[2023-05-18 10:13:04] local.ERROR: The /home/mpolr/PhpstormProjects/Zdrava/bootstrap/cache directory must be present and writable. {"exception":"[object] (Exception(code: 0): The /home/mpolr/PhpstormProjects/Zdrava/bootstrap/cache directory must be present and writable. at /home/mpolr/PhpstormProjects/Zdrava/vendor/laravel/framework/src/Illuminate/Foundation/PackageManifest.php:178)
[stacktrace]
#0 /home/mpolr/PhpstormProjects/Zdrava/vendor/laravel/framework/src/Illuminate/Foundation/PackageManifest.php(131): Illuminate\\Foundation\\PackageManifest->write()
#1 /home/mpolr/PhpstormProjects/Zdrava/vendor/laravel/framework/src/Illuminate/Foundation/PackageManifest.php(107): Illuminate\\Foundation\\PackageManifest->build()
#2 /home/mpolr/PhpstormProjects/Zdrava/vendor/laravel/framework/src/Illuminate/Foundation/PackageManifest.php(90): Illuminate\\Foundation\\PackageManifest->getManifest()
#3 /home/mpolr/PhpstormProjects/Zdrava/vendor/laravel/framework/src/Illuminate/Foundation/PackageManifest.php(79): Illuminate\\Foundation\\PackageManifest->config()
#4 /home/mpolr/PhpstormProjects/Zdrava/vendor/laravel/framework/src/Illuminate/Foundation/Bootstrap/RegisterFacades.php(26): Illuminate\\Foundation\\PackageManifest->aliases()
#5 /home/mpolr/PhpstormProjects/Zdrava/vendor/laravel/framework/src/Illuminate/Foundation/Application.php(261): Illuminate\\Foundation\\Bootstrap\\RegisterFacades->bootstrap()
#6 /home/mpolr/PhpstormProjects/Zdrava/vendor/laravel/framework/src/Illuminate/Foundation/Console/Kernel.php(428): Illuminate\\Foundation\\Application->bootstrapWith()
#7 /home/mpolr/PhpstormProjects/Zdrava/vendor/laravel/framework/src/Illuminate/Foundation/Console/Kernel.php(198): Illuminate\\Foundation\\Console\\Kernel->bootstrap()
#8 /home/mpolr/PhpstormProjects/Zdrava/artisan(35): Illuminate\\Foundation\\Console\\Kernel->handle()
#9 {main}
"} 
[2023-05-20 11:09:19] local.ERROR: The /home/mpolr/PhpstormProjects/Zdrava/bootstrap/cache directory must be present and writable. {"exception":"[object] (Exception(code: 0): The /home/mpolr/PhpstormProjects/Zdrava/bootstrap/cache directory must be present and writable. at /home/mpolr/PhpstormProjects/Zdrava/vendor/laravel/framework/src/Illuminate/Foundation/PackageManifest.php:178)
[stacktrace]
#0 /home/mpolr/PhpstormProjects/Zdrava/vendor/laravel/framework/src/Illuminate/Foundation/PackageManifest.php(131): Illuminate\\Foundation\\PackageManifest->write()
#1 /home/mpolr/PhpstormProjects/Zdrava/vendor/laravel/framework/src/Illuminate/Foundation/PackageManifest.php(107): Illuminate\\Foundation\\PackageManifest->build()
#2 /home/mpolr/PhpstormProjects/Zdrava/vendor/laravel/framework/src/Illuminate/Foundation/PackageManifest.php(90): Illuminate\\Foundation\\PackageManifest->getManifest()
#3 /home/mpolr/PhpstormProjects/Zdrava/vendor/laravel/framework/src/Illuminate/Foundation/PackageManifest.php(79): Illuminate\\Foundation\\PackageManifest->config()
#4 /home/mpolr/PhpstormProjects/Zdrava/vendor/laravel/framework/src/Illuminate/Foundation/Bootstrap/RegisterFacades.php(26): Illuminate\\Foundation\\PackageManifest->aliases()
#5 /home/mpolr/PhpstormProjects/Zdrava/vendor/laravel/framework/src/Illuminate/Foundation/Application.php(261): Illuminate\\Foundation\\Bootstrap\\RegisterFacades->bootstrap()
#6 /home/mpolr/PhpstormProjects/Zdrava/vendor/laravel/framework/src/Illuminate/Foundation/Console/Kernel.php(428): Illuminate\\Foundation\\Application->bootstrapWith()
#7 /home/mpolr/PhpstormProjects/Zdrava/vendor/laravel/framework/src/Illuminate/Foundation/Console/Kernel.php(198): Illuminate\\Foundation\\Console\\Kernel->bootstrap()
#8 /home/mpolr/PhpstormProjects/Zdrava/artisan(35): Illuminate\\Foundation\\Console\\Kernel->handle()
#9 {main}
"} 
[2023-05-20 11:10:13] local.ERROR: The /home/mpolr/PhpstormProjects/Zdrava/bootstrap/cache directory must be present and writable. {"exception":"[object] (Exception(code: 0): The /home/mpolr/PhpstormProjects/Zdrava/bootstrap/cache directory must be present and writable. at /home/mpolr/PhpstormProjects/Zdrava/vendor/laravel/framework/src/Illuminate/Foundation/PackageManifest.php:178)
[stacktrace]
#0 /home/mpolr/PhpstormProjects/Zdrava/vendor/laravel/framework/src/Illuminate/Foundation/PackageManifest.php(131): Illuminate\\Foundation\\PackageManifest->write()
#1 /home/mpolr/PhpstormProjects/Zdrava/vendor/laravel/framework/src/Illuminate/Foundation/PackageManifest.php(107): Illuminate\\Foundation\\PackageManifest->build()
#2 /home/mpolr/PhpstormProjects/Zdrava/vendor/laravel/framework/src/Illuminate/Foundation/PackageManifest.php(90): Illuminate\\Foundation\\PackageManifest->getManifest()
#3 /home/mpolr/PhpstormProjects/Zdrava/vendor/laravel/framework/src/Illuminate/Foundation/PackageManifest.php(79): Illuminate\\Foundation\\PackageManifest->config()
#4 /home/mpolr/PhpstormProjects/Zdrava/vendor/laravel/framework/src/Illuminate/Foundation/Bootstrap/RegisterFacades.php(26): Illuminate\\Foundation\\PackageManifest->aliases()
#5 /home/mpolr/PhpstormProjects/Zdrava/vendor/laravel/framework/src/Illuminate/Foundation/Application.php(261): Illuminate\\Foundation\\Bootstrap\\RegisterFacades->bootstrap()
#6 /home/mpolr/PhpstormProjects/Zdrava/vendor/laravel/framework/src/Illuminate/Foundation/Console/Kernel.php(428): Illuminate\\Foundation\\Application->bootstrapWith()
#7 /home/mpolr/PhpstormProjects/Zdrava/vendor/laravel/framework/src/Illuminate/Foundation/Console/Kernel.php(198): Illuminate\\Foundation\\Console\\Kernel->bootstrap()
#8 /home/mpolr/PhpstormProjects/Zdrava/artisan(35): Illuminate\\Foundation\\Console\\Kernel->handle()
#9 {main}
"} 
[2023-05-20 11:10:14] local.ERROR: The /home/mpolr/PhpstormProjects/Zdrava/bootstrap/cache directory must be present and writable. {"exception":"[object] (Exception(code: 0): The /home/mpolr/PhpstormProjects/Zdrava/bootstrap/cache directory must be present and writable. at /home/mpolr/PhpstormProjects/Zdrava/vendor/laravel/framework/src/Illuminate/Foundation/PackageManifest.php:178)
[stacktrace]
#0 /home/mpolr/PhpstormProjects/Zdrava/vendor/laravel/framework/src/Illuminate/Foundation/PackageManifest.php(131): Illuminate\\Foundation\\PackageManifest->write()
#1 /home/mpolr/PhpstormProjects/Zdrava/vendor/laravel/framework/src/Illuminate/Foundation/PackageManifest.php(107): Illuminate\\Foundation\\PackageManifest->build()
#2 /home/mpolr/PhpstormProjects/Zdrava/vendor/laravel/framework/src/Illuminate/Foundation/PackageManifest.php(90): Illuminate\\Foundation\\PackageManifest->getManifest()
#3 /home/mpolr/PhpstormProjects/Zdrava/vendor/laravel/framework/src/Illuminate/Foundation/PackageManifest.php(79): Illuminate\\Foundation\\PackageManifest->config()
#4 /home/mpolr/PhpstormProjects/Zdrava/vendor/laravel/framework/src/Illuminate/Foundation/Bootstrap/RegisterFacades.php(26): Illuminate\\Foundation\\PackageManifest->aliases()
#5 /home/mpolr/PhpstormProjects/Zdrava/vendor/laravel/framework/src/Illuminate/Foundation/Application.php(261): Illuminate\\Foundation\\Bootstrap\\RegisterFacades->bootstrap()
#6 /home/mpolr/PhpstormProjects/Zdrava/vendor/laravel/framework/src/Illuminate/Foundation/Console/Kernel.php(428): Illuminate\\Foundation\\Application->bootstrapWith()
#7 /home/mpolr/PhpstormProjects/Zdrava/vendor/laravel/framework/src/Illuminate/Foundation/Console/Kernel.php(198): Illuminate\\Foundation\\Console\\Kernel->bootstrap()
#8 /home/mpolr/PhpstormProjects/Zdrava/artisan(35): Illuminate\\Foundation\\Console\\Kernel->handle()
#9 {main}
"} 
[2023-05-20 11:35:11] local.ERROR: The /home/mpolr/PhpstormProjects/Zdrava/bootstrap/cache directory must be present and writable. {"exception":"[object] (Exception(code: 0): The /home/mpolr/PhpstormProjects/Zdrava/bootstrap/cache directory must be present and writable. at /home/mpolr/PhpstormProjects/Zdrava/vendor/laravel/framework/src/Illuminate/Foundation/PackageManifest.php:178)
[stacktrace]
#0 /home/mpolr/PhpstormProjects/Zdrava/vendor/laravel/framework/src/Illuminate/Foundation/PackageManifest.php(131): Illuminate\\Foundation\\PackageManifest->write()
#1 /home/mpolr/PhpstormProjects/Zdrava/vendor/laravel/framework/src/Illuminate/Foundation/PackageManifest.php(107): Illuminate\\Foundation\\PackageManifest->build()
#2 /home/mpolr/PhpstormProjects/Zdrava/vendor/laravel/framework/src/Illuminate/Foundation/PackageManifest.php(90): Illuminate\\Foundation\\PackageManifest->getManifest()
#3 /home/mpolr/PhpstormProjects/Zdrava/vendor/laravel/framework/src/Illuminate/Foundation/PackageManifest.php(79): Illuminate\\Foundation\\PackageManifest->config()
#4 /home/mpolr/PhpstormProjects/Zdrava/vendor/laravel/framework/src/Illuminate/Foundation/Bootstrap/RegisterFacades.php(26): Illuminate\\Foundation\\PackageManifest->aliases()
#5 /home/mpolr/PhpstormProjects/Zdrava/vendor/laravel/framework/src/Illuminate/Foundation/Application.php(261): Illuminate\\Foundation\\Bootstrap\\RegisterFacades->bootstrap()
#6 /home/mpolr/PhpstormProjects/Zdrava/vendor/laravel/framework/src/Illuminate/Foundation/Console/Kernel.php(428): Illuminate\\Foundation\\Application->bootstrapWith()
#7 /home/mpolr/PhpstormProjects/Zdrava/vendor/laravel/framework/src/Illuminate/Foundation/Console/Kernel.php(198): Illuminate\\Foundation\\Console\\Kernel->bootstrap()
#8 /home/mpolr/PhpstormProjects/Zdrava/artisan(35): Illuminate\\Foundation\\Console\\Kernel->handle()
#9 {main}
"} 
[2023-05-20 11:35:13] local.ERROR: The /home/mpolr/PhpstormProjects/Zdrava/bootstrap/cache directory must be present and writable. {"exception":"[object] (Exception(code: 0): The /home/mpolr/PhpstormProjects/Zdrava/bootstrap/cache directory must be present and writable. at /home/mpolr/PhpstormProjects/Zdrava/vendor/laravel/framework/src/Illuminate/Foundation/PackageManifest.php:178)
[stacktrace]
#0 /home/mpolr/PhpstormProjects/Zdrava/vendor/laravel/framework/src/Illuminate/Foundation/PackageManifest.php(131): Illuminate\\Foundation\\PackageManifest->write()
#1 /home/mpolr/PhpstormProjects/Zdrava/vendor/laravel/framework/src/Illuminate/Foundation/PackageManifest.php(107): Illuminate\\Foundation\\PackageManifest->build()
#2 /home/mpolr/PhpstormProjects/Zdrava/vendor/laravel/framework/src/Illuminate/Foundation/PackageManifest.php(90): Illuminate\\Foundation\\PackageManifest->getManifest()
#3 /home/mpolr/PhpstormProjects/Zdrava/vendor/laravel/framework/src/Illuminate/Foundation/PackageManifest.php(79): Illuminate\\Foundation\\PackageManifest->config()
#4 /home/mpolr/PhpstormProjects/Zdrava/vendor/laravel/framework/src/Illuminate/Foundation/Bootstrap/RegisterFacades.php(26): Illuminate\\Foundation\\PackageManifest->aliases()
#5 /home/mpolr/PhpstormProjects/Zdrava/vendor/laravel/framework/src/Illuminate/Foundation/Application.php(261): Illuminate\\Foundation\\Bootstrap\\RegisterFacades->bootstrap()
#6 /home/mpolr/PhpstormProjects/Zdrava/vendor/laravel/framework/src/Illuminate/Foundation/Console/Kernel.php(428): Illuminate\\Foundation\\Application->bootstrapWith()
#7 /home/mpolr/PhpstormProjects/Zdrava/vendor/laravel/framework/src/Illuminate/Foundation/Console/Kernel.php(198): Illuminate\\Foundation\\Console\\Kernel->bootstrap()
#8 /home/mpolr/PhpstormProjects/Zdrava/artisan(35): Illuminate\\Foundation\\Console\\Kernel->handle()
#9 {main}
"} 
[2023-05-20 11:47:19] local.ERROR: The /home/mpolr/PhpstormProjects/Zdrava/bootstrap/cache directory must be present and writable. {"exception":"[object] (Exception(code: 0): The /home/mpolr/PhpstormProjects/Zdrava/bootstrap/cache directory must be present and writable. at /home/mpolr/PhpstormProjects/Zdrava/vendor/laravel/framework/src/Illuminate/Foundation/PackageManifest.php:178)
[stacktrace]
#0 /home/mpolr/PhpstormProjects/Zdrava/vendor/laravel/framework/src/Illuminate/Foundation/PackageManifest.php(131): Illuminate\\Foundation\\PackageManifest->write()
#1 /home/mpolr/PhpstormProjects/Zdrava/vendor/laravel/framework/src/Illuminate/Foundation/PackageManifest.php(107): Illuminate\\Foundation\\PackageManifest->build()
#2 /home/mpolr/PhpstormProjects/Zdrava/vendor/laravel/framework/src/Illuminate/Foundation/PackageManifest.php(90): Illuminate\\Foundation\\PackageManifest->getManifest()
#3 /home/mpolr/PhpstormProjects/Zdrava/vendor/laravel/framework/src/Illuminate/Foundation/PackageManifest.php(79): Illuminate\\Foundation\\PackageManifest->config()
#4 /home/mpolr/PhpstormProjects/Zdrava/vendor/laravel/framework/src/Illuminate/Foundation/Bootstrap/RegisterFacades.php(26): Illuminate\\Foundation\\PackageManifest->aliases()
#5 /home/mpolr/PhpstormProjects/Zdrava/vendor/laravel/framework/src/Illuminate/Foundation/Application.php(261): Illuminate\\Foundation\\Bootstrap\\RegisterFacades->bootstrap()
#6 /home/mpolr/PhpstormProjects/Zdrava/vendor/laravel/framework/src/Illuminate/Foundation/Console/Kernel.php(428): Illuminate\\Foundation\\Application->bootstrapWith()
#7 /home/mpolr/PhpstormProjects/Zdrava/vendor/laravel/framework/src/Illuminate/Foundation/Console/Kernel.php(198): Illuminate\\Foundation\\Console\\Kernel->bootstrap()
#8 /home/mpolr/PhpstormProjects/Zdrava/artisan(35): Illuminate\\Foundation\\Console\\Kernel->handle()
#9 {main}
"} 
[2023-05-20 11:47:57] testing.ERROR: Please provide a valid cache path. {"exception":"[object] (InvalidArgumentException(code: 0): Please provide a valid cache path. at /home/mpolr/PhpstormProjects/Zdrava/vendor/laravel/framework/src/Illuminate/View/Compilers/Compiler.php:66)
[stacktrace]
#0 /home/mpolr/PhpstormProjects/Zdrava/vendor/laravel/framework/src/Illuminate/View/ViewServiceProvider.php(96): Illuminate\\View\\Compilers\\Compiler->__construct()
#1 /home/mpolr/PhpstormProjects/Zdrava/vendor/laravel/framework/src/Illuminate/Container/Container.php(910): Illuminate\\View\\ViewServiceProvider->Illuminate\\View\\{closure}()
#2 /home/mpolr/PhpstormProjects/Zdrava/vendor/laravel/framework/src/Illuminate/Container/Container.php(795): Illuminate\\Container\\Container->build()
#3 /home/mpolr/PhpstormProjects/Zdrava/vendor/laravel/framework/src/Illuminate/Foundation/Application.php(933): Illuminate\\Container\\Container->resolve()
#4 /home/mpolr/PhpstormProjects/Zdrava/vendor/laravel/framework/src/Illuminate/Container/Container.php(731): Illuminate\\Foundation\\Application->resolve()
#5 /home/mpolr/PhpstormProjects/Zdrava/vendor/laravel/framework/src/Illuminate/Foundation/Application.php(918): Illuminate\\Container\\Container->make()
#6 /home/mpolr/PhpstormProjects/Zdrava/vendor/laravel/framework/src/Illuminate/Container/Container.php(1456): Illuminate\\Foundation\\Application->make()
#7 /home/mpolr/PhpstormProjects/Zdrava/vendor/laravel/framework/src/Illuminate/View/ViewServiceProvider.php(164): Illuminate\\Container\\Container->offsetGet()
#8 [internal function]: Illuminate\\View\\ViewServiceProvider->Illuminate\\View\\{closure}()
#9 /home/mpolr/PhpstormProjects/Zdrava/vendor/laravel/framework/src/Illuminate/View/Engines/EngineResolver.php(55): call_user_func()
#10 /home/mpolr/PhpstormProjects/Zdrava/vendor/laravel/framework/src/Illuminate/View/Factory.php(310): Illuminate\\View\\Engines\\EngineResolver->resolve()
#11 /home/mpolr/PhpstormProjects/Zdrava/vendor/laravel/framework/src/Illuminate/View/Factory.php(274): Illuminate\\View\\Factory->getEngineFromPath()
#12 /home/mpolr/PhpstormProjects/Zdrava/vendor/laravel/framework/src/Illuminate/View/Factory.php(146): Illuminate\\View\\Factory->viewInstance()
#13 /home/mpolr/PhpstormProjects/Zdrava/vendor/laravel/framework/src/Illuminate/Foundation/helpers.php(1019): Illuminate\\View\\Factory->make()
#14 /home/mpolr/PhpstormProjects/Zdrava/routes/web.php(17): view()
#15 /home/mpolr/PhpstormProjects/Zdrava/vendor/laravel/framework/src/Illuminate/Routing/CallableDispatcher.php(40): Illuminate\\Routing\\RouteFileRegistrar->{closure}()
#16 /home/mpolr/PhpstormProjects/Zdrava/vendor/laravel/framework/src/Illuminate/Routing/Route.php(237): Illuminate\\Routing\\CallableDispatcher->dispatch()
#17 /home/mpolr/PhpstormProjects/Zdrava/vendor/laravel/framework/src/Illuminate/Routing/Route.php(208): Illuminate\\Routing\\Route->runCallable()
#18 /home/mpolr/PhpstormProjects/Zdrava/vendor/laravel/framework/src/Illuminate/Routing/Router.php(798): Illuminate\\Routing\\Route->run()
#19 /home/mpolr/PhpstormProjects/Zdrava/vendor/laravel/framework/src/Illuminate/Pipeline/Pipeline.php(141): Illuminate\\Routing\\Router->Illuminate\\Routing\\{closure}()
#20 /home/mpolr/PhpstormProjects/Zdrava/vendor/laravel/framework/src/Illuminate/Routing/Middleware/SubstituteBindings.php(50): Illuminate\\Pipeline\\Pipeline->Illuminate\\Pipeline\\{closure}()
#21 /home/mpolr/PhpstormProjects/Zdrava/vendor/laravel/framework/src/Illuminate/Pipeline/Pipeline.php(180): Illuminate\\Routing\\Middleware\\SubstituteBindings->handle()
#22 /home/mpolr/PhpstormProjects/Zdrava/vendor/laravel/framework/src/Illuminate/Foundation/Http/Middleware/VerifyCsrfToken.php(78): Illuminate\\Pipeline\\Pipeline->Illuminate\\Pipeline\\{closure}()
#23 /home/mpolr/PhpstormProjects/Zdrava/vendor/laravel/framework/src/Illuminate/Pipeline/Pipeline.php(180): Illuminate\\Foundation\\Http\\Middleware\\VerifyCsrfToken->handle()
#24 /home/mpolr/PhpstormProjects/Zdrava/vendor/laravel/framework/src/Illuminate/View/Middleware/ShareErrorsFromSession.php(49): Illuminate\\Pipeline\\Pipeline->Illuminate\\Pipeline\\{closure}()
#25 /home/mpolr/PhpstormProjects/Zdrava/vendor/laravel/framework/src/Illuminate/Pipeline/Pipeline.php(180): Illuminate\\View\\Middleware\\ShareErrorsFromSession->handle()
#26 /home/mpolr/PhpstormProjects/Zdrava/vendor/laravel/framework/src/Illuminate/Session/Middleware/StartSession.php(121): Illuminate\\Pipeline\\Pipeline->Illuminate\\Pipeline\\{closure}()
#27 /home/mpolr/PhpstormProjects/Zdrava/vendor/laravel/framework/src/Illuminate/Session/Middleware/StartSession.php(64): Illuminate\\Session\\Middleware\\StartSession->handleStatefulRequest()
#28 /home/mpolr/PhpstormProjects/Zdrava/vendor/laravel/framework/src/Illuminate/Pipeline/Pipeline.php(180): Illuminate\\Session\\Middleware\\StartSession->handle()
#29 /home/mpolr/PhpstormProjects/Zdrava/vendor/laravel/framework/src/Illuminate/Cookie/Middleware/AddQueuedCookiesToResponse.php(37): Illuminate\\Pipeline\\Pipeline->Illuminate\\Pipeline\\{closure}()
#30 /home/mpolr/PhpstormProjects/Zdrava/vendor/laravel/framework/src/Illuminate/Pipeline/Pipeline.php(180): Illuminate\\Cookie\\Middleware\\AddQueuedCookiesToResponse->handle()
#31 /home/mpolr/PhpstormProjects/Zdrava/vendor/laravel/framework/src/Illuminate/Cookie/Middleware/EncryptCookies.php(67): Illuminate\\Pipeline\\Pipeline->Illuminate\\Pipeline\\{closure}()
#32 /home/mpolr/PhpstormProjects/Zdrava/vendor/laravel/framework/src/Illuminate/Pipeline/Pipeline.php(180): Illuminate\\Cookie\\Middleware\\EncryptCookies->handle()
#33 /home/mpolr/PhpstormProjects/Zdrava/vendor/laravel/framework/src/Illuminate/Pipeline/Pipeline.php(116): Illuminate\\Pipeline\\Pipeline->Illuminate\\Pipeline\\{closure}()
#34 /home/mpolr/PhpstormProjects/Zdrava/vendor/laravel/framework/src/Illuminate/Routing/Router.php(797): Illuminate\\Pipeline\\Pipeline->then()
#35 /home/mpolr/PhpstormProjects/Zdrava/vendor/laravel/framework/src/Illuminate/Routing/Router.php(776): Illuminate\\Routing\\Router->runRouteWithinStack()
#36 /home/mpolr/PhpstormProjects/Zdrava/vendor/laravel/framework/src/Illuminate/Routing/Router.php(740): Illuminate\\Routing\\Router->runRoute()
#37 /home/mpolr/PhpstormProjects/Zdrava/vendor/laravel/framework/src/Illuminate/Routing/Router.php(729): Illuminate\\Routing\\Router->dispatchToRoute()
#38 /home/mpolr/PhpstormProjects/Zdrava/vendor/laravel/framework/src/Illuminate/Foundation/Http/Kernel.php(200): Illuminate\\Routing\\Router->dispatch()
#39 /home/mpolr/PhpstormProjects/Zdrava/vendor/laravel/framework/src/Illuminate/Pipeline/Pipeline.php(141): Illuminate\\Foundation\\Http\\Kernel->Illuminate\\Foundation\\Http\\{closure}()
#40 /home/mpolr/PhpstormProjects/Zdrava/vendor/laravel/framework/src/Illuminate/Foundation/Http/Middleware/TransformsRequest.php(21): Illuminate\\Pipeline\\Pipeline->Illuminate\\Pipeline\\{closure}()
#41 /home/mpolr/PhpstormProjects/Zdrava/vendor/laravel/framework/src/Illuminate/Foundation/Http/Middleware/ConvertEmptyStringsToNull.php(31): Illuminate\\Foundation\\Http\\Middleware\\TransformsRequest->handle()
#42 /home/mpolr/PhpstormProjects/Zdrava/vendor/laravel/framework/src/Illuminate/Pipeline/Pipeline.php(180): Illuminate\\Foundation\\Http\\Middleware\\ConvertEmptyStringsToNull->handle()
#43 /home/mpolr/PhpstormProjects/Zdrava/vendor/laravel/framework/src/Illuminate/Foundation/Http/Middleware/TransformsRequest.php(21): Illuminate\\Pipeline\\Pipeline->Illuminate\\Pipeline\\{closure}()
#44 /home/mpolr/PhpstormProjects/Zdrava/vendor/laravel/framework/src/Illuminate/Foundation/Http/Middleware/TrimStrings.php(40): Illuminate\\Foundation\\Http\\Middleware\\TransformsRequest->handle()
#45 /home/mpolr/PhpstormProjects/Zdrava/vendor/laravel/framework/src/Illuminate/Pipeline/Pipeline.php(180): Illuminate\\Foundation\\Http\\Middleware\\TrimStrings->handle()
#46 /home/mpolr/PhpstormProjects/Zdrava/vendor/laravel/framework/src/Illuminate/Foundation/Http/Middleware/ValidatePostSize.php(27): Illuminate\\Pipeline\\Pipeline->Illuminate\\Pipeline\\{closure}()
#47 /home/mpolr/PhpstormProjects/Zdrava/vendor/laravel/framework/src/Illuminate/Pipeline/Pipeline.php(180): Illuminate\\Foundation\\Http\\Middleware\\ValidatePostSize->handle()
#48 /home/mpolr/PhpstormProjects/Zdrava/vendor/laravel/framework/src/Illuminate/Foundation/Http/Middleware/PreventRequestsDuringMaintenance.php(86): Illuminate\\Pipeline\\Pipeline->Illuminate\\Pipeline\\{closure}()
#49 /home/mpolr/PhpstormProjects/Zdrava/vendor/laravel/framework/src/Illuminate/Pipeline/Pipeline.php(180): Illuminate\\Foundation\\Http\\Middleware\\PreventRequestsDuringMaintenance->handle()
#50 /home/mpolr/PhpstormProjects/Zdrava/vendor/laravel/framework/src/Illuminate/Http/Middleware/HandleCors.php(49): Illuminate\\Pipeline\\Pipeline->Illuminate\\Pipeline\\{closure}()
#51 /home/mpolr/PhpstormProjects/Zdrava/vendor/laravel/framework/src/Illuminate/Pipeline/Pipeline.php(180): Illuminate\\Http\\Middleware\\HandleCors->handle()
#52 /home/mpolr/PhpstormProjects/Zdrava/vendor/laravel/framework/src/Illuminate/Http/Middleware/TrustProxies.php(39): Illuminate\\Pipeline\\Pipeline->Illuminate\\Pipeline\\{closure}()
#53 /home/mpolr/PhpstormProjects/Zdrava/vendor/laravel/framework/src/Illuminate/Pipeline/Pipeline.php(180): Illuminate\\Http\\Middleware\\TrustProxies->handle()
#54 /home/mpolr/PhpstormProjects/Zdrava/vendor/laravel/framework/src/Illuminate/Pipeline/Pipeline.php(116): Illuminate\\Pipeline\\Pipeline->Illuminate\\Pipeline\\{closure}()
#55 /home/mpolr/PhpstormProjects/Zdrava/vendor/laravel/framework/src/Illuminate/Foundation/Http/Kernel.php(175): Illuminate\\Pipeline\\Pipeline->then()
#56 /home/mpolr/PhpstormProjects/Zdrava/vendor/laravel/framework/src/Illuminate/Foundation/Http/Kernel.php(144): Illuminate\\Foundation\\Http\\Kernel->sendRequestThroughRouter()
#57 /home/mpolr/PhpstormProjects/Zdrava/vendor/laravel/framework/src/Illuminate/Foundation/Testing/Concerns/MakesHttpRequests.php(563): Illuminate\\Foundation\\Http\\Kernel->handle()
#58 /home/mpolr/PhpstormProjects/Zdrava/vendor/laravel/framework/src/Illuminate/Foundation/Testing/Concerns/MakesHttpRequests.php(324): Illuminate\\Foundation\\Testing\\TestCase->call()
#59 /home/mpolr/PhpstormProjects/Zdrava/tests/Feature/ExampleTest.php(15): Illuminate\\Foundation\\Testing\\TestCase->get()
#60 /home/mpolr/PhpstormProjects/Zdrava/vendor/phpunit/phpunit/src/Framework/TestCase.php(1065): Tests\\Feature\\ExampleTest->test_the_application_returns_a_successful_response()
#61 /home/mpolr/PhpstormProjects/Zdrava/vendor/laravel/framework/src/Illuminate/Foundation/Testing/TestCase.php(174): PHPUnit\\Framework\\TestCase->runTest()
#62 /home/mpolr/PhpstormProjects/Zdrava/vendor/phpunit/phpunit/src/Framework/TestCase.php(632): Illuminate\\Foundation\\Testing\\TestCase->runTest()
#63 /home/mpolr/PhpstormProjects/Zdrava/vendor/phpunit/phpunit/src/Framework/TestRunner.php(101): PHPUnit\\Framework\\TestCase->runBare()
#64 /home/mpolr/PhpstormProjects/Zdrava/vendor/phpunit/phpunit/src/Framework/TestCase.php(468): PHPUnit\\Framework\\TestRunner->run()
#65 /home/mpolr/PhpstormProjects/Zdrava/vendor/phpunit/phpunit/src/Framework/TestSuite.php(357): PHPUnit\\Framework\\TestCase->run()
#66 /home/mpolr/PhpstormProjects/Zdrava/vendor/phpunit/phpunit/src/Framework/TestSuite.php(357): PHPUnit\\Framework\\TestSuite->run()
#67 /home/mpolr/PhpstormProjects/Zdrava/vendor/phpunit/phpunit/src/Framework/TestSuite.php(357): PHPUnit\\Framework\\TestSuite->run()
#68 /home/mpolr/PhpstormProjects/Zdrava/vendor/phpunit/phpunit/src/TextUI/TestRunner.php(63): PHPUnit\\Framework\\TestSuite->run()
#69 /home/mpolr/PhpstormProjects/Zdrava/vendor/phpunit/phpunit/src/TextUI/Application.php(168): PHPUnit\\TextUI\\TestRunner->run()
#70 /home/mpolr/PhpstormProjects/Zdrava/vendor/phpunit/phpunit/phpunit(99): PHPUnit\\TextUI\\Application->run()
#71 {main}
"} 
